Determining if the pthread_create exist failed with the following output:
Change Dir: /mtdata/Dropbox/udacity/RoboticsSoftwareEngineerND/Lesson_1/Project_1_Go_Chase_It/goChaseIt/catkin_ws/build/CMakeFiles/CMakeTmp

Run Build Command:"/usr/bin/make" "cmTC_424a4/fast"
/usr/bin/make -f CMakeFiles/cmTC_424a4.dir/build.make CMakeFiles/cmTC_424a4.dir/build
make[1]: Entering directory '/mtdata/Dropbox/udacity/RoboticsSoftwareEngineerND/Lesson_1/Project_1_Go_Chase_It/goChaseIt/catkin_ws/build/CMakeFiles/CMakeTmp'
Building C object CMakeFiles/cmTC_424a4.dir/CheckSymbolExists.c.o
/usr/bin/cc     -o CMakeFiles/cmTC_424a4.dir/CheckSymbolExists.c.o   -c /mtdata/Dropbox/udacity/RoboticsSoftwareEngineerND/Lesson_1/Project_1_Go_Chase_It/goChaseIt/catkin_ws/build/CMakeFiles/CMakeTmp/CheckSymbolExists.c
Linking C executable cmTC_424a4
/usr/bin/cmake -E cmake_link_script CMakeFiles/cmTC_424a4.dir/link.txt --verbose=1
/usr/bin/cc       CMakeFiles/cmTC_424a4.dir/CheckSymbolExists.c.o  -o cmTC_424a4 -rdynamic 
CMakeFiles/cmTC_424a4.dir/CheckSymbolExists.c.o: In function `main':
CheckSymbolExists.c:(.text+0x16): undefined reference to `pthread_create'
collect2: error: ld returned 1 exit status
CMakeFiles/cmTC_424a4.dir/build.make:97: recipe for target 'cmTC_424a4' failed
make[1]: *** [cmTC_424a4] Error 1
make[1]: Leaving directory '/mtdata/Dropbox/udacity/RoboticsSoftwareEngineerND/Lesson_1/Project_1_Go_Chase_It/goChaseIt/catkin_ws/build/CMakeFiles/CMakeTmp'
Makefile:126: recipe for target 'cmTC_424a4/fast' failed
make: *** [cmTC_424a4/fast] Error 2

File /mtdata/Dropbox/udacity/RoboticsSoftwareEngineerND/Lesson_1/Project_1_Go_Chase_It/goChaseIt/catkin_ws/build/CMakeFiles/CMakeTmp/CheckSymbolExists.c:
/* */
#include <pthread.h>

int main(int argc, char** argv)
{
  (void)argv;
#ifndef pthread_create
  return ((int*)(&pthread_create))[argc];
#else
  (void)argc;
  return 0;
#endif
}

Determining if the function pthread_create exists in the pthreads failed with the following output:
Change Dir: /mtdata/Dropbox/udacity/RoboticsSoftwareEngineerND/Lesson_1/Project_1_Go_Chase_It/goChaseIt/catkin_ws/build/CMakeFiles/CMakeTmp

Run Build Command:"/usr/bin/make" "cmTC_b0fee/fast"
/usr/bin/make -f CMakeFiles/cmTC_b0fee.dir/build.make CMakeFiles/cmTC_b0fee.dir/build
make[1]: Entering directory '/mtdata/Dropbox/udacity/RoboticsSoftwareEngineerND/Lesson_1/Project_1_Go_Chase_It/goChaseIt/catkin_ws/build/CMakeFiles/CMakeTmp'
Building C object CMakeFiles/cmTC_b0fee.dir/CheckFunctionExists.c.o
/usr/bin/cc    -DCHECK_FUNCTION_EXISTS=pthread_create   -o CMakeFiles/cmTC_b0fee.dir/CheckFunctionExists.c.o   -c /usr/share/cmake-3.5/Modules/CheckFunctionExists.c
Linking C executable cmTC_b0fee
/usr/bin/cmake -E cmake_link_script CMakeFiles/cmTC_b0fee.dir/link.txt --verbose=1
/usr/bin/cc   -DCHECK_FUNCTION_EXISTS=pthread_create    CMakeFiles/cmTC_b0fee.dir/CheckFunctionExists.c.o  -o cmTC_b0fee -rdynamic -lpthreads 
/usr/bin/ld: cannot find -lpthreads
collect2: error: ld returned 1 exit status
CMakeFiles/cmTC_b0fee.dir/build.make:97: recipe for target 'cmTC_b0fee' failed
make[1]: *** [cmTC_b0fee] Error 1
make[1]: Leaving directory '/mtdata/Dropbox/udacity/RoboticsSoftwareEngineerND/Lesson_1/Project_1_Go_Chase_It/goChaseIt/catkin_ws/build/CMakeFiles/CMakeTmp'
Makefile:126: recipe for target 'cmTC_b0fee/fast' failed
make: *** [cmTC_b0fee/fast] Error 2


